This is XeTeX, Version 3.141592653-2.6-0.999995 (TeX Live 2023) (preloaded format=xelatex 2024.1.13)  24 OCT 2024 15:22
entering extended mode
 restricted \write18 enabled.
 %&-line parsing enabled.
**cv_n/cv.tex
(./cv_n/cv.tex
LaTeX2e <2023-11-01>
L3 programming layer <2024-01-04>

! LaTeX Error: File `academic-cv.cls' not found.

Type X to quit or <RETURN> to proceed,
or enter new name. (Default extension: cls)

Enter file name: q

! LaTeX Error: File `q.cls' not found.

Type X to quit or <RETURN> to proceed,
or enter new name. (Default extension: cls)

Enter file name: q

! LaTeX Error: File `q.cls' not found.

Type X to quit or <RETURN> to proceed,
or enter new name. (Default extension: cls)

Enter file name: q

! LaTeX Error: File `q.cls' not found.

Type X to quit or <RETURN> to proceed,
or enter new name. (Default extension: cls)

Enter file name: 
! Emergency stop.
<read *> 
         
l.2 \geometry
             {left=0.75in, top=0.75in, right=0.75in, bottom=0.75in, footskip...
End of file on the terminal!

 
Here is how much of TeX's memory you used:
 24 strings out of 474823
 414 string characters out of 5763090
 1917177 words of memory out of 5000000
 22227 multiletter control sequences out of 15000+600000
 558069 words of font info for 36 fonts, out of 8000000 for 9000
 1348 hyphenation exceptions out of 8191
 24i,0n,36p,124b,18s stack positions out of 10000i,1000n,20000p,200000b,200000s
No pages of output.
